Performing C++ SOURCE FILE Test CMAKE_HAVE_LIBC_PTHREAD failed with the following output:
Change Dir: /home/sung/workspace/panda_realrobot_controller/build/CMakeFiles/CMakeTmp

Run Build Command(s):/usr/bin/make cmTC_a636b/fast && /usr/bin/make -f CMakeFiles/cmTC_a636b.dir/build.make CMakeFiles/cmTC_a636b.dir/build
make[1]: Entering directory '/home/sung/workspace/panda_realrobot_controller/build/CMakeFiles/CMakeTmp'
Building CXX object CMakeFiles/cmTC_a636b.dir/src.cxx.o
/usr/bin/c++    -DCMAKE_HAVE_LIBC_PTHREAD   -o CMakeFiles/cmTC_a636b.dir/src.cxx.o -c /home/sung/workspace/panda_realrobot_controller/build/CMakeFiles/CMakeTmp/src.cxx
Linking CXX executable cmTC_a636b
/usr/bin/cmake -E cmake_link_script CMakeFiles/cmTC_a636b.dir/link.txt --verbose=1
/usr/bin/c++   -DCMAKE_HAVE_LIBC_PTHREAD    CMakeFiles/cmTC_a636b.dir/src.cxx.o  -o cmTC_a636b 
/usr/bin/ld: CMakeFiles/cmTC_a636b.dir/src.cxx.o: in function `main':
src.cxx:(.text+0x46): undefined reference to `pthread_create'
/usr/bin/ld: src.cxx:(.text+0x52): undefined reference to `pthread_detach'
/usr/bin/ld: src.cxx:(.text+0x63): undefined reference to `pthread_join'
collect2: error: ld returned 1 exit status
make[1]: *** [CMakeFiles/cmTC_a636b.dir/build.make:87: cmTC_a636b] Error 1
make[1]: Leaving directory '/home/sung/workspace/panda_realrobot_controller/build/CMakeFiles/CMakeTmp'
make: *** [Makefile:121: cmTC_a636b/fast] Error 2


Source file was:
#include <pthread.h>

void* test_func(void* data)
{
  return data;
}

int main(void)
{
  pthread_t thread;
  pthread_create(&thread, NULL, test_func, NULL);
  pthread_detach(thread);
  pthread_join(thread, NULL);
  pthread_atfork(NULL, NULL, NULL);
  pthread_exit(NULL);

  return 0;
}

